Removed Pin From Net: NetName=PA0 Pin=P4-1
Removed Pin From Net: NetName=PA1 Pin=P4-2
Removed Pin From Net: NetName=PA2 Pin=P4-3
Removed Pin From Net: NetName=PA3 Pin=P4-4
Removed Pin From Net: NetName=PA4 Pin=P4-5
Removed Pin From Net: NetName=PA5 Pin=P4-6
Removed Pin From Net: NetName=PA6 Pin=P4-7
Removed Pin From Net: NetName=PA7 Pin=P4-8
Removed Pin From Net: NetName=PA8 Pin=P4-9
Removed Pin From Net: NetName=PA9 Pin=P4-10
Removed Pin From Net: NetName=PA10 Pin=P4-11
Removed Pin From Net: NetName=PA11 Pin=P4-12
Removed Pin From Net: NetName=PA12 Pin=P4-13
Removed Pin From Net: NetName=PA13 Pin=P4-14
Removed Pin From Net: NetName=PB0 Pin=P5-1
Removed Pin From Net: NetName=PB1 Pin=P5-2
Removed Pin From Net: NetName=PB2 Pin=P5-3
Removed Pin From Net: NetName=PB3 Pin=P5-4
Removed Pin From Net: NetName=PB4 Pin=P5-5
Removed Pin From Net: NetName=PB5 Pin=P5-6
Removed Pin From Net: NetName=PB6 Pin=P5-7
Removed Pin From Net: NetName=PB7 Pin=P5-8
Removed Pin From Net: NetName=PB8 Pin=P5-9
Removed Pin From Net: NetName=PB9 Pin=P5-10
Removed Pin From Net: NetName=PB10 Pin=P5-11
Removed Pin From Net: NetName=PB11 Pin=P5-12
Removed Pin From Net: NetName=PB12 Pin=P5-13
Removed Pin From Net: NetName=PB13 Pin=P5-14
Removed Pin From Net: NetName=PB14 Pin=P5-15
Removed Pin From Net: NetName=PB15 Pin=P5-16
Removed Pin From Net: NetName=PA0 Pin=R3-2
Removed Pin From Net: NetName=PA0 Pin=R4-1
Removed Pin From Net: NetName=PA1 Pin=R5-2
Removed Pin From Net: NetName=PA1 Pin=R6-1
Removed Pin From Net: NetName=PA2 Pin=R7-2
Removed Pin From Net: NetName=PA2 Pin=R8-1
Removed Pin From Net: NetName=PA3 Pin=R9-2
Removed Pin From Net: NetName=PA3 Pin=R10-1
Removed Pin From Net: NetName=PA4 Pin=R11-2
Removed Pin From Net: NetName=PA4 Pin=R12-1
Removed Pin From Net: NetName=PA5 Pin=R13-2
Removed Pin From Net: NetName=PA5 Pin=R14-1
Removed Pin From Net: NetName=PA6 Pin=R15-2
Removed Pin From Net: NetName=PA6 Pin=R16-1
Removed Pin From Net: NetName=PA7 Pin=R17-2
Removed Pin From Net: NetName=PA7 Pin=R18-1
Removed Pin From Net: NetName=PA8 Pin=R19-2
Removed Pin From Net: NetName=PA8 Pin=R20-1
Removed Pin From Net: NetName=PA9 Pin=R21-2
Removed Pin From Net: NetName=PA9 Pin=R22-1
Removed Pin From Net: NetName=PA10 Pin=R23-2
Removed Pin From Net: NetName=PA10 Pin=R24-1
Removed Pin From Net: NetName=PA11 Pin=R25-2
Removed Pin From Net: NetName=PA11 Pin=R26-1
Removed Pin From Net: NetName=PA12 Pin=R27-2
Removed Pin From Net: NetName=PA12 Pin=R28-1
Removed Pin From Net: NetName=PA13 Pin=R29-2
Removed Pin From Net: NetName=PA13 Pin=R30-1
Removed Pin From Net: NetName=PB0 Pin=R31-2
Removed Pin From Net: NetName=PB0 Pin=R32-1
Removed Pin From Net: NetName=PB1 Pin=R33-2
Removed Pin From Net: NetName=PB1 Pin=R34-1
Removed Pin From Net: NetName=PB2 Pin=R35-2
Removed Pin From Net: NetName=PB2 Pin=R36-1
Removed Pin From Net: NetName=PB3 Pin=R37-2
Removed Pin From Net: NetName=PB3 Pin=R38-1
Removed Pin From Net: NetName=PB4 Pin=R39-2
Removed Pin From Net: NetName=PB4 Pin=R40-1
Removed Pin From Net: NetName=PB5 Pin=R41-2
Removed Pin From Net: NetName=PB5 Pin=R42-1
Removed Pin From Net: NetName=PB6 Pin=R43-2
Removed Pin From Net: NetName=PB6 Pin=R44-1
Removed Pin From Net: NetName=PB7 Pin=R45-2
Removed Pin From Net: NetName=PB7 Pin=R46-1
Removed Pin From Net: NetName=PB8 Pin=R47-2
Removed Pin From Net: NetName=PB8 Pin=R48-1
Removed Pin From Net: NetName=PB9 Pin=R49-2
Removed Pin From Net: NetName=PB9 Pin=R50-1
Removed Pin From Net: NetName=PB10 Pin=R51-2
Removed Pin From Net: NetName=PB10 Pin=R52-1
Removed Pin From Net: NetName=PB11 Pin=R53-2
Removed Pin From Net: NetName=PB11 Pin=R54-1
Removed Pin From Net: NetName=PB12 Pin=R55-2
Removed Pin From Net: NetName=PB12 Pin=R56-1
Removed Pin From Net: NetName=PB13 Pin=R57-2
Removed Pin From Net: NetName=PB13 Pin=R58-1
Removed Pin From Net: NetName=PB14 Pin=R59-2
Removed Pin From Net: NetName=PB14 Pin=R60-1
Removed Pin From Net: NetName=PB15 Pin=R61-2
Removed Pin From Net: NetName=PB15 Pin=R62-1
Added Pin To Net: NetName=NetR3_2 Pin=R3-2
Added Pin To Net: NetName=NetR3_2 Pin=R4-1
Added Net: Name=NetR3_2
Added Pin To Net: NetName=NetR5_2 Pin=R5-2
Added Pin To Net: NetName=NetR5_2 Pin=R6-1
Added Net: Name=NetR5_2
Added Pin To Net: NetName=NetR7_2 Pin=R7-2
Added Pin To Net: NetName=NetR7_2 Pin=R8-1
Added Net: Name=NetR7_2
Added Pin To Net: NetName=NetR9_2 Pin=R9-2
Added Pin To Net: NetName=NetR9_2 Pin=R10-1
Added Net: Name=NetR9_2
Added Pin To Net: NetName=NetR11_2 Pin=R11-2
Added Pin To Net: NetName=NetR11_2 Pin=R12-1
Added Net: Name=NetR11_2
Added Pin To Net: NetName=NetR13_2 Pin=R13-2
Added Pin To Net: NetName=NetR13_2 Pin=R14-1
Added Net: Name=NetR13_2
Added Pin To Net: NetName=NetR15_2 Pin=R15-2
Added Pin To Net: NetName=NetR15_2 Pin=R16-1
Added Net: Name=NetR15_2
Added Pin To Net: NetName=NetR17_2 Pin=R17-2
Added Pin To Net: NetName=NetR17_2 Pin=R18-1
Added Net: Name=NetR17_2
Added Pin To Net: NetName=NetR19_2 Pin=R19-2
Added Pin To Net: NetName=NetR19_2 Pin=R20-1
Added Net: Name=NetR19_2
Added Pin To Net: NetName=NetR21_2 Pin=R21-2
Added Pin To Net: NetName=NetR21_2 Pin=R22-1
Added Net: Name=NetR21_2
Added Pin To Net: NetName=NetR23_2 Pin=R23-2
Added Pin To Net: NetName=NetR23_2 Pin=R24-1
Added Net: Name=NetR23_2
Added Pin To Net: NetName=NetR25_2 Pin=R25-2
Added Pin To Net: NetName=NetR25_2 Pin=R26-1
Added Net: Name=NetR25_2
Added Pin To Net: NetName=NetR27_2 Pin=R27-2
Added Pin To Net: NetName=NetR27_2 Pin=R28-1
Added Net: Name=NetR27_2
Added Pin To Net: NetName=NetR29_2 Pin=R29-2
Added Pin To Net: NetName=NetR29_2 Pin=R30-1
Added Net: Name=NetR29_2
Added Pin To Net: NetName=NetR31_2 Pin=R31-2
Added Pin To Net: NetName=NetR31_2 Pin=R32-1
Added Net: Name=NetR31_2
Added Pin To Net: NetName=NetR33_2 Pin=R33-2
Added Pin To Net: NetName=NetR33_2 Pin=R34-1
Added Net: Name=NetR33_2
Added Pin To Net: NetName=NetR35_2 Pin=R35-2
Added Pin To Net: NetName=NetR35_2 Pin=R36-1
Added Net: Name=NetR35_2
Added Pin To Net: NetName=NetR37_2 Pin=R37-2
Added Pin To Net: NetName=NetR37_2 Pin=R38-1
Added Net: Name=NetR37_2
Added Pin To Net: NetName=NetR39_2 Pin=R39-2
Added Pin To Net: NetName=NetR39_2 Pin=R40-1
Added Net: Name=NetR39_2
Added Pin To Net: NetName=NetR41_2 Pin=R41-2
Added Pin To Net: NetName=NetR41_2 Pin=R42-1
Added Net: Name=NetR41_2
Added Pin To Net: NetName=NetR43_2 Pin=R43-2
Added Pin To Net: NetName=NetR43_2 Pin=R44-1
Added Net: Name=NetR43_2
Added Pin To Net: NetName=NetR45_2 Pin=R45-2
Added Pin To Net: NetName=NetR45_2 Pin=R46-1
Added Net: Name=NetR45_2
Added Pin To Net: NetName=NetR47_2 Pin=R47-2
Added Pin To Net: NetName=NetR47_2 Pin=R48-1
Added Net: Name=NetR47_2
Added Pin To Net: NetName=NetR49_2 Pin=R49-2
Added Pin To Net: NetName=NetR49_2 Pin=R50-1
Added Net: Name=NetR49_2
Added Pin To Net: NetName=NetR51_2 Pin=R51-2
Added Pin To Net: NetName=NetR51_2 Pin=R52-1
Added Net: Name=NetR51_2
Added Pin To Net: NetName=NetR53_2 Pin=R53-2
Added Pin To Net: NetName=NetR53_2 Pin=R54-1
Added Net: Name=NetR53_2
Added Pin To Net: NetName=NetR55_2 Pin=R55-2
Added Pin To Net: NetName=NetR55_2 Pin=R56-1
Added Net: Name=NetR55_2
Added Pin To Net: NetName=NetR57_2 Pin=R57-2
Added Pin To Net: NetName=NetR57_2 Pin=R58-1
Added Net: Name=NetR57_2
Added Pin To Net: NetName=NetR59_2 Pin=R59-2
Added Pin To Net: NetName=NetR59_2 Pin=R60-1
Added Net: Name=NetR59_2
Added Pin To Net: NetName=NetR61_2 Pin=R61-2
Added Pin To Net: NetName=NetR61_2 Pin=R62-1
Added Net: Name=NetR61_2
Added Room: Name=MCU
