Added Pin To Net: NetName=PB10 Pin=P4-2
Added Pin To Net: NetName=PB2 Pin=P4-3
Added Pin To Net: NetName=PB1 Pin=P4-4
Added Pin To Net: NetName=PB0 Pin=P4-5
Added Pin To Net: NetName=PA7 Pin=P4-6
Added Pin To Net: NetName=PA6 Pin=P4-7
Added Pin To Net: NetName=PA5 Pin=P4-8
Added Pin To Net: NetName=PA4 Pin=P4-9
Added Pin To Net: NetName=PA3 Pin=P4-10
Added Pin To Net: NetName=PA2 Pin=P4-11
Added Pin To Net: NetName=PA1 Pin=P4-12
Added Pin To Net: NetName=PA0 Pin=P4-13
Added Pin To Net: NetName=PB9 Pin=P4-14
Added Pin To Net: NetName=PB10 Pin=R5-2
Added Pin To Net: NetName=PB10 Pin=R6-1
Added Pin To Net: NetName=PB2 Pin=R7-2
Added Pin To Net: NetName=PB2 Pin=R8-1
Added Pin To Net: NetName=PB1 Pin=R9-2
Added Pin To Net: NetName=PB1 Pin=R10-1
Added Pin To Net: NetName=PB0 Pin=R11-2
Added Pin To Net: NetName=PB0 Pin=R12-1
Added Pin To Net: NetName=PA7 Pin=R13-2
Added Pin To Net: NetName=PA7 Pin=R14-1
Added Pin To Net: NetName=PA6 Pin=R15-2
Added Pin To Net: NetName=PA6 Pin=R16-1
Added Pin To Net: NetName=PA5 Pin=R17-2
Added Pin To Net: NetName=PA5 Pin=R18-1
Added Pin To Net: NetName=PA4 Pin=R19-2
Added Pin To Net: NetName=PA4 Pin=R20-1
Added Pin To Net: NetName=PA3 Pin=R21-2
Added Pin To Net: NetName=PA3 Pin=R22-1
Added Pin To Net: NetName=PA2 Pin=R23-2
Added Pin To Net: NetName=PA2 Pin=R24-1
Added Pin To Net: NetName=PA1 Pin=R25-2
Added Pin To Net: NetName=PA1 Pin=R26-1
Added Pin To Net: NetName=PA0 Pin=R27-2
Added Pin To Net: NetName=PA0 Pin=R28-1
Added Pin To Net: NetName=PB9 Pin=R29-2
Added Pin To Net: NetName=PB9 Pin=R30-1
Added Room: Name=MCU
