Added Pin To Net: NetName=PB12 Pin=P5-1
Added Pin To Net: NetName=PB13 Pin=P5-2
Added Pin To Net: NetName=PB14 Pin=P5-3
Added Pin To Net: NetName=PB15 Pin=P5-4
Added Pin To Net: NetName=PA8 Pin=P5-5
Added Pin To Net: NetName=PA9 Pin=P5-6
Added Pin To Net: NetName=PA10 Pin=P5-7
Added Pin To Net: NetName=PA11 Pin=P5-8
Added Pin To Net: NetName=PA12 Pin=P5-9
Added Pin To Net: NetName=PA13 Pin=P5-10
Added Pin To Net: NetName=PB3 Pin=P5-11
Added Pin To Net: NetName=PB4 Pin=P5-12
Added Pin To Net: NetName=PB5 Pin=P5-13
Added Pin To Net: NetName=PB6 Pin=P5-14
Added Pin To Net: NetName=PB7 Pin=P5-15
Added Pin To Net: NetName=PB8 Pin=P5-16
Added Pin To Net: NetName=PB12 Pin=R31-2
Added Pin To Net: NetName=PB12 Pin=R32-1
Added Pin To Net: NetName=PB13 Pin=R33-2
Added Pin To Net: NetName=PB13 Pin=R34-1
Added Pin To Net: NetName=PB14 Pin=R35-2
Added Pin To Net: NetName=PB14 Pin=R36-1
Added Pin To Net: NetName=PB15 Pin=R37-2
Added Pin To Net: NetName=PB15 Pin=R38-1
Added Pin To Net: NetName=PA8 Pin=R39-2
Added Pin To Net: NetName=PA8 Pin=R40-1
Added Pin To Net: NetName=PA9 Pin=R41-2
Added Pin To Net: NetName=PA9 Pin=R42-1
Added Pin To Net: NetName=PA10 Pin=R43-2
Added Pin To Net: NetName=PA10 Pin=R44-1
Added Pin To Net: NetName=PA11 Pin=R45-2
Added Pin To Net: NetName=PA11 Pin=R46-1
Added Pin To Net: NetName=PA12 Pin=R47-2
Added Pin To Net: NetName=PA12 Pin=R48-1
Added Pin To Net: NetName=PA13 Pin=R49-2
Added Pin To Net: NetName=PA13 Pin=R50-1
Added Pin To Net: NetName=PB3 Pin=R51-2
Added Pin To Net: NetName=PB3 Pin=R52-1
Added Pin To Net: NetName=PB4 Pin=R53-2
Added Pin To Net: NetName=PB4 Pin=R54-1
Added Pin To Net: NetName=PB5 Pin=R55-2
Added Pin To Net: NetName=PB5 Pin=R56-1
Added Pin To Net: NetName=PB6 Pin=R57-2
Added Pin To Net: NetName=PB6 Pin=R58-1
Added Pin To Net: NetName=PB7 Pin=R59-2
Added Pin To Net: NetName=PB7 Pin=R60-1
Added Pin To Net: NetName=PB8 Pin=R61-2
Added Pin To Net: NetName=PB8 Pin=R62-1
Added Room: Name=MCU
Added Room: Name=PowerSupply
